0 info it worked if it ends with ok
1 verbose cli [ '/usr/local/bin/node', '/usr/local/bin/npm', 'run', 'hello' ]
2 info using npm@3.10.8
3 info using node@v6.8.1
4 verbose run-script [ 'prehello', 'hello', 'posthello' ]
5 info lifecycle your-app@0.1.0~prehello: your-app@0.1.0
6 silly lifecycle your-app@0.1.0~prehello: no script for prehello, continuing
7 info lifecycle your-app@0.1.0~hello: your-app@0.1.0
8 verbose lifecycle your-app@0.1.0~hello: unsafe-perm in lifecycle true
9 verbose lifecycle your-app@0.1.0~hello: PATH: /usr/local/lib/node_modules/npm/bin/node-gyp-bin:/Users/ningxuran/Desktop/UAV/app/GCS/node_modules/.bin:/opt/local/bin:/opt/local/sbin:/usr/local/bin:/usr/bin:/bin:/usr/sbin:/sbin:/opt/X11/bin:/usr/local/git/bin:/Users/ningxuran/Qt/5.5/clang_64/bin
10 verbose lifecycle your-app@0.1.0~hello: CWD: /Users/ningxuran/Desktop/UAV/app/GCS
11 silly lifecycle your-app@0.1.0~hello: Args: [ '-c', 'python -m SimpleHTTPServer' ]
12 silly lifecycle your-app@0.1.0~hello: Returned: code: 1  signal: null
13 info lifecycle your-app@0.1.0~hello: Failed to exec hello script
14 verbose stack Error: your-app@0.1.0 hello: `python -m SimpleHTTPServer`
14 verbose stack Exit status 1
14 verbose stack     at EventEmitter.<anonymous> (/usr/local/lib/node_modules/npm/lib/utils/lifecycle.js:255:16)
14 verbose stack     at emitTwo (events.js:106:13)
14 verbose stack     at EventEmitter.emit (events.js:191:7)
14 verbose stack     at ChildProcess.<anonymous> (/usr/local/lib/node_modules/npm/lib/utils/spawn.js:40:14)
14 verbose stack     at emitTwo (events.js:106:13)
14 verbose stack     at ChildProcess.emit (events.js:191:7)
14 verbose stack     at maybeClose (internal/child_process.js:877:16)
14 verbose stack     at Process.ChildProcess._handle.onexit (internal/child_process.js:226:5)
15 verbose pkgid your-app@0.1.0
16 verbose cwd /Users/ningxuran/Desktop/UAV/app/GCS
17 error Darwin 16.1.0
18 error argv "/usr/local/bin/node" "/usr/local/bin/npm" "run" "hello"
19 error node v6.8.1
20 error npm  v3.10.8
21 error code ELIFECYCLE
22 error your-app@0.1.0 hello: `python -m SimpleHTTPServer`
22 error Exit status 1
23 error Failed at the your-app@0.1.0 hello script 'python -m SimpleHTTPServer'.
23 error Make sure you have the latest version of node.js and npm installed.
23 error If you do, this is most likely a problem with the your-app package,
23 error not with npm itself.
23 error Tell the author that this fails on your system:
23 error     python -m SimpleHTTPServer
23 error You can get information on how to open an issue for this project with:
23 error     npm bugs your-app
23 error Or if that isn't available, you can get their info via:
23 error     npm owner ls your-app
23 error There is likely additional logging output above.
24 verbose exit [ 1, true ]
